[[[[[ /var/www/homeSystem ]]]]]

=> Started proxy.
=> Started MongoDB.
[34mW20180108-16:59:35.315(-4)? (STDERR) [39m[35mNote: you are using a pure-JavaScript implementation of bcrypt.[39m
[34mW20180108-16:59:35.439(-4)? (STDERR) [39m[35mWhile this implementation will work correctly, it is known to be[39m
[34mW20180108-16:59:35.440(-4)? (STDERR) [39m[35mapproximately three times slower than the native implementation.[39m
[34mW20180108-16:59:35.440(-4)? (STDERR) [39m[35mIn order to use the native implementation instead, run[39m
[34mW20180108-16:59:35.441(-4)? (STDERR) [39m[35m[39m
[34mW20180108-16:59:35.441(-4)? (STDERR) [39m[35m  meteor npm install --save bcrypt[39m
[34mW20180108-16:59:35.442(-4)? (STDERR) [39m[35m[39m
[34mW20180108-16:59:35.442(-4)? (STDERR) [39m[35min the root directory of your application.[39m
[34mI20180108-16:59:36.595(-4)? [39m
[34mI20180108-16:59:36.597(-4)? [39m    *******************************************
[34mI20180108-16:59:36.597(-4)? [39m    *           Starting homeSystem           *
[34mI20180108-16:59:36.597(-4)? [39m    *         Author: Augusto Alvarez         *
[34mI20180108-16:59:36.598(-4)? [39m    *    Email: augustoalvarez05@gmail.com    *
[34mI20180108-16:59:36.598(-4)? [39m    * https://github.com/laugustol/homeSystem *
[34mI20180108-16:59:36.598(-4)? [39m    * URL: http://192.168.1.104            *
[34mI20180108-16:59:36.599(-4)? [39m    *           PORT: 28505     *
[34mI20180108-16:59:36.599(-4)? [39m    *******************************************
[34mI20180108-16:59:36.599(-4)? [39m
[34mI20180108-16:59:36.687(-4)? [39m1515445176686 Board Looking for connected device  
=> Started your app.

=> App running at: http://192.168.1.104
=> Client modified -- refreshing=> Client modified -- refreshing (x2)=> Client modified -- refreshing (x3)=> Client modified -- refreshing (x4)
=> Server modified -- restarting...                                   [34mW20180108-17:08:49.472(-4)? (STDERR) [39m[35mNote: you are using a pure-JavaScript implementation of bcrypt.[39m
[34mW20180108-17:08:49.474(-4)? (STDERR) [39m[35mWhile this implementation will work correctly, it is known to be[39m
[34mW20180108-17:08:49.475(-4)? (STDERR) [39m[35mapproximately three times slower than the native implementation.[39m
[34mW20180108-17:08:49.476(-4)? (STDERR) [39m[35mIn order to use the native implementation instead, run[39m
[34mW20180108-17:08:49.477(-4)? (STDERR) [39m[35m[39m
[34mW20180108-17:08:49.477(-4)? (STDERR) [39m[35m  meteor npm install --save bcrypt[39m
[34mW20180108-17:08:49.477(-4)? (STDERR) [39m[35m[39m
[34mW20180108-17:08:49.478(-4)? (STDERR) [39m[35min the root directory of your application.[39m
[34mI20180108-17:08:50.905(-4)? [39m
[34mI20180108-17:08:50.906(-4)? [39m    *******************************************
[34mI20180108-17:08:50.906(-4)? [39m    *           Starting homeSystem           *
[34mI20180108-17:08:50.907(-4)? [39m    *         Author: Augusto Alvarez         *
[34mI20180108-17:08:50.907(-4)? [39m    *    Email: augustoalvarez05@gmail.com    *
[34mI20180108-17:08:50.908(-4)? [39m    * https://github.com/laugustol/homeSystem *
[34mI20180108-17:08:50.908(-4)? [39m    * URL: http://192.168.1.104            *
[34mI20180108-17:08:50.908(-4)? [39m    *           PORT: 23136     *
[34mI20180108-17:08:50.908(-4)? [39m    *******************************************
[34mI20180108-17:08:50.909(-4)? [39m
[34mI20180108-17:08:51.002(-4)? [39m1515445731000 Board Looking for connected device  
=> Meteor server restarted
=> Server modified -- restarting...                                   [34mW20180108-17:13:07.062(-4)? (STDERR) [39m[35mNote: you are using a pure-JavaScript implementation of bcrypt.[39m
[34mW20180108-17:13:07.063(-4)? (STDERR) [39m[35mWhile this implementation will work correctly, it is known to be[39m
[34mW20180108-17:13:07.064(-4)? (STDERR) [39m[35mapproximately three times slower than the native implementation.[39m
[34mW20180108-17:13:07.065(-4)? (STDERR) [39m[35mIn order to use the native implementation instead, run[39m
[34mW20180108-17:13:07.065(-4)? (STDERR) [39m[35m[39m
[34mW20180108-17:13:07.066(-4)? (STDERR) [39m[35m  meteor npm install --save bcrypt[39m
[34mW20180108-17:13:07.066(-4)? (STDERR) [39m[35m[39m
[34mW20180108-17:13:07.067(-4)? (STDERR) [39m[35min the root directory of your application.[39m
[34mI20180108-17:13:08.274(-4)? [39m
[34mI20180108-17:13:08.275(-4)? [39m    *******************************************
[34mI20180108-17:13:08.275(-4)? [39m    *           Starting homeSystem           *
[34mI20180108-17:13:08.276(-4)? [39m    *         Author: Augusto Alvarez         *
[34mI20180108-17:13:08.276(-4)? [39m    *    Email: augustoalvarez05@gmail.com    *
[34mI20180108-17:13:08.276(-4)? [39m    * https://github.com/laugustol/homeSystem *
[34mI20180108-17:13:08.276(-4)? [39m    * URL: http://192.168.1.104            *
[34mI20180108-17:13:08.276(-4)? [39m    *           PORT: 22176     *
[34mI20180108-17:13:08.277(-4)? [39m    *******************************************
[34mI20180108-17:13:08.277(-4)? [39m
[34mI20180108-17:13:08.363(-4)? [39m1515445988362 Board Looking for connected device  
=> Meteor server restarted
=> Server modified -- restarting...                                   [34mW20180108-17:13:14.805(-4)? (STDERR) [39m[35mNote: you are using a pure-JavaScript implementation of bcrypt.[39m
[34mW20180108-17:13:14.806(-4)? (STDERR) [39m[35mWhile this implementation will work correctly, it is known to be[39m
[34mW20180108-17:13:14.807(-4)? (STDERR) [39m[35mapproximately three times slower than the native implementation.[39m
[34mW20180108-17:13:14.808(-4)? (STDERR) [39m[35mIn order to use the native implementation instead, run[39m
[34mW20180108-17:13:14.808(-4)? (STDERR) [39m[35m[39m
[34mW20180108-17:13:14.809(-4)? (STDERR) [39m[35m  meteor npm install --save bcrypt[39m
[34mW20180108-17:13:14.809(-4)? (STDERR) [39m[35m[39m
[34mW20180108-17:13:14.810(-4)? (STDERR) [39m[35min the root directory of your application.[39m
[34mI20180108-17:13:15.189(-4)? [39m
[34mI20180108-17:13:15.190(-4)? [39m    *******************************************
[34mI20180108-17:13:15.190(-4)? [39m    *           Starting homeSystem           *
[34mI20180108-17:13:15.190(-4)? [39m    *         Author: Augusto Alvarez         *
[34mI20180108-17:13:15.191(-4)? [39m    *    Email: augustoalvarez05@gmail.com    *
[34mI20180108-17:13:15.191(-4)? [39m    * https://github.com/laugustol/homeSystem *
[34mI20180108-17:13:15.191(-4)? [39m    * URL: http://192.168.1.104            *
[34mI20180108-17:13:15.192(-4)? [39m    *           PORT: 21521     *
[34mI20180108-17:13:15.192(-4)? [39m    *******************************************
[34mI20180108-17:13:15.192(-4)? [39m
[34mI20180108-17:13:15.281(-4)? [39m1515445995280 Board Looking for connected device  
=> Meteor server restarted